---------------------------------------------------------------------
      name:  <unnamed>
       log:  C:\Users\kwame\Documents\#1 Spring 2020\ECO 480\Empirica
> l Project\Empirical.log
  log type:  text
 opened on:   9 May 2020, 23:20:21

. cd "C:\Users\kwame\Documents\#1 Spring 2020\ECO 480\Empirical Proje
> ct\Data"
C:\Users\kwame\Documents\#1 Spring 2020\ECO 480\Empirical Project\Dat
> a

. use "C:\Users\kwame\Documents\#1 Spring 2020\ECO 480\Empirical Proj
> ect\Data\meps_senior.dta"

. 
. gen obese = bmi >= 30

. gen overweight = bmi >= 25 & bmi <= 29.9

. gen normal = bmi >= 18.5 & bmi <=  24.9

. gen underweight = bmi <18.5

. 
. // Checking to see if there's any missing data \\
. mdesc 

    Variable    |     Missing          Total     Percent Missing
----------------+-----------------------------------------------
            age |           0          2,970           0.00
        marital |           0          2,970           0.00
           educ |           0          2,970           0.00
         income |           0          2,970           0.00
       srhealth |           0          2,970           0.00
      mntl_hlth |           0          2,970           0.00
        phy_lim |           0          2,970           0.00
            bmi |           0          2,970           0.00
            chd |           0          2,970           0.00
      high_chol |           0          2,970           0.00
       diabetes |           0          2,970           0.00
       totalexp |           0          2,970           0.00
      dr_visits |           0          2,970           0.00
            msa |           0          2,970           0.00
       race_grp |           0          2,970           0.00
           male |           0          2,970           0.00
        high_bp |           0          2,970           0.00
       hosp_vis |           0          2,970           0.00
          obese |           0          2,970           0.00
     overweight |           0          2,970           0.00
         normal |           0          2,970           0.00
    underweight |           0          2,970           0.00
----------------+-----------------------------------------------

. *No missing data*
. // EXPENDITURE STATS \\
. sum totalexp, detail

          total expenditures on medical care, 2005
-------------------------------------------------------------
      Percentiles      Smallest
 1%            1              1
 5%          210              1
10%        578.5              1       Obs               2,970
25%         1732              1       Sum of Wgt.       2,970

50%         3935                      Mean           8358.247
                        Largest       Std. Dev.      14109.34
75%         8841         179211
90%        20863         191630       Variance       1.99e+08
95%        32264         225795       Skewness       6.060991
99%        65977         235392       Kurtosis       68.04987

. ** Mean = 8,358.25, SD = 14,109.34, min = 1, max = 235,392
. tab totalexp if totalexp <= 8358.25

      total |
expenditure |
       s on |
    medical |
 care, 2005 |      Freq.     Percent        Cum.
------------+-----------------------------------
          1 |         88        4.03        4.03
          5 |          1        0.05        4.08
          9 |          1        0.05        4.13
         30 |          2        0.09        4.22
         44 |          1        0.05        4.26
         49 |          1        0.05        4.31
         50 |          1        0.05        4.36
         52 |          1        0.05        4.40
         53 |          1        0.05        4.45
         55 |          1        0.05        4.49
         56 |          1        0.05        4.54
         58 |          4        0.18        4.72
         68 |          1        0.05        4.77
         70 |          1        0.05        4.81
         75 |          1        0.05        4.86
         80 |          1        0.05        4.91
         84 |          1        0.05        4.95
         87 |          2        0.09        5.04
         90 |          1        0.05        5.09
         98 |          1        0.05        5.14
        100 |          1        0.05        5.18
        103 |          1        0.05        5.23
        106 |          1        0.05        5.27
        107 |          1        0.05        5.32
        114 |          1        0.05        5.36
        122 |          1        0.05        5.41
        123 |          1        0.05        5.46
        124 |          1        0.05        5.50
        134 |          1        0.05        5.55
        139 |          1        0.05        5.59
        140 |          1        0.05        5.64
        143 |          1        0.05        5.69
        150 |          1        0.05        5.73
        151 |          1        0.05        5.78
        155 |          1        0.05        5.82
        156 |          1        0.05        5.87
        164 |          1        0.05        5.91
        167 |          1        0.05        5.96
        173 |          1        0.05        6.01
        175 |          1        0.05        6.05
        179 |          1        0.05        6.10
        182 |          1        0.05        6.14
        185 |          1        0.05        6.19
        186 |          1        0.05        6.24
        189 |          1        0.05        6.28
        193 |          1        0.05        6.33
        199 |          1        0.05        6.37
        200 |          1        0.05        6.42
        202 |          1        0.05        6.46
        204 |          3        0.14        6.60
        206 |          1        0.05        6.65
        207 |          2        0.09        6.74
        208 |          1        0.05        6.79
        210 |          1        0.05        6.83
        213 |          1        0.05        6.88
        214 |          1        0.05        6.92
        219 |          1        0.05        6.97
        225 |          1        0.05        7.02
        227 |          1        0.05        7.06
        229 |          1        0.05        7.11
        233 |          1        0.05        7.15
        234 |          1        0.05        7.20
        235 |          1        0.05        7.24
        237 |          2        0.09        7.34
        239 |          1        0.05        7.38
        244 |          1        0.05        7.43
        245 |          2        0.09        7.52
        250 |          2        0.09        7.61
        251 |          1        0.05        7.66
        255 |          2        0.09        7.75
        256 |          1        0.05        7.79
        257 |          1        0.05        7.84
        258 |          1        0.05        7.89
        259 |          1        0.05        7.93
        260 |          1        0.05        7.98
        261 |          1        0.05        8.02
        270 |          1        0.05        8.07
        274 |          1        0.05        8.12
        277 |          1        0.05        8.16
        280 |          1        0.05        8.21
        284 |          4        0.18        8.39
        285 |          1        0.05        8.44
        290 |          1        0.05        8.48
        296 |          1        0.05        8.53
        297 |          1        0.05        8.57
        299 |          1        0.05        8.62
        300 |          1        0.05        8.67
        304 |          3        0.14        8.80
        310 |          2        0.09        8.90
        312 |          1        0.05        8.94
        314 |          1        0.05        8.99
        317 |          2        0.09        9.08
        320 |          1        0.05        9.12
        322 |          1        0.05        9.17
        324 |          1        0.05        9.22
        325 |          1        0.05        9.26
        328 |          2        0.09        9.35
        331 |          1        0.05        9.40
        333 |          1        0.05        9.45
        334 |          1        0.05        9.49
        336 |          1        0.05        9.54
        339 |          2        0.09        9.63
        345 |          1        0.05        9.67
        348 |          1        0.05        9.72
        355 |          1        0.05        9.77
        356 |          1        0.05        9.81
        360 |          1        0.05        9.86
        362 |          1        0.05        9.90
        366 |          1        0.05        9.95
        367 |          1        0.05       10.00
        373 |          1        0.05       10.04
        379 |          1        0.05       10.09
        385 |          1        0.05       10.13
        387 |          2        0.09       10.22
        388 |          1        0.05       10.27
        391 |          1        0.05       10.32
        394 |          1        0.05       10.36
        397 |          1        0.05       10.41
        400 |          1        0.05       10.45
        405 |          1        0.05       10.50
        410 |          2        0.09       10.59
        422 |          1        0.05       10.64
        423 |          1        0.05       10.68
        425 |          2        0.09       10.77
        427 |          1        0.05       10.82
        437 |          1        0.05       10.87
        448 |          1        0.05       10.91
        449 |          1        0.05       10.96
        460 |          1        0.05       11.00
        462 |          2        0.09       11.10
        472 |          1        0.05       11.14
        474 |          1        0.05       11.19
        477 |          1        0.05       11.23
        478 |          1        0.05       11.28
        485 |          1        0.05       11.33
        488 |          2        0.09       11.42
        490 |          1        0.05       11.46
        491 |          1        0.05       11.51
        492 |          1        0.05       11.55
        497 |          2        0.09       11.65
        499 |          1        0.05       11.69
        500 |          1        0.05       11.74
        507 |          1        0.05       11.78
        509 |          1        0.05       11.83
        511 |          1        0.05       11.88
        512 |          1        0.05       11.92
        514 |          1        0.05       11.97
        524 |          1        0.05       12.01
        525 |          1        0.05       12.06
        526 |          1        0.05       12.10
        527 |          1        0.05       12.15
        528 |          2        0.09       12.24
        536 |          1        0.05       12.29
        537 |          1        0.05       12.33
        538 |          2        0.09       12.43
        539 |          1        0.05       12.47
        540 |          1        0.05       12.52
        541 |          1        0.05       12.56
        542 |          2        0.09       12.65
        543 |          1        0.05       12.70
        547 |          1        0.05       12.75
        548 |          1        0.05       12.79
        549 |          1        0.05       12.84
        550 |          1        0.05       12.88
        553 |          1        0.05       12.93
        557 |          1        0.05       12.98
        558 |          2        0.09       13.07
        559 |          1        0.05       13.11
        560 |          1        0.05       13.16
        562 |          1        0.05       13.20
        563 |          1        0.05       13.25
        564 |          1        0.05       13.30
        565 |          1        0.05       13.34
        566 |          1        0.05       13.39
        571 |          1        0.05       13.43
        574 |          1        0.05       13.48
        577 |          1        0.05       13.53
        578 |          2        0.09       13.62
        579 |          1        0.05       13.66
        580 |          1        0.05       13.71
        583 |          1        0.05       13.76
        587 |          1        0.05       13.80
        600 |          1        0.05       13.85
        602 |          1        0.05       13.89
        603 |          1        0.05       13.94
        613 |          1        0.05       13.98
        614 |          1        0.05       14.03
        616 |          1        0.05       14.08
        617 |          1        0.05       14.12
        618 |          1        0.05       14.17
        620 |          1        0.05       14.21
        622 |          3        0.14       14.35
        623 |          1        0.05       14.40
        625 |          1        0.05       14.44
        631 |          1        0.05       14.49
        635 |          1        0.05       14.53
        636 |          1        0.05       14.58
        638 |          2        0.09       14.67
        639 |          1        0.05       14.72
        644 |          1        0.05       14.76
        654 |          1        0.05       14.81
        656 |          1        0.05       14.86
        657 |          2        0.09       14.95
        658 |          3        0.14       15.08
        663 |          1        0.05       15.13
        664 |          1        0.05       15.18
        665 |          1        0.05       15.22
        668 |          1        0.05       15.27
        678 |          1        0.05       15.31
        680 |          1        0.05       15.36
        684 |          1        0.05       15.41
        685 |          1        0.05       15.45
        686 |          2        0.09       15.54
        694 |          1        0.05       15.59
        695 |          1        0.05       15.64
        696 |          1        0.05       15.68
        697 |          1        0.05       15.73
        698 |          1        0.05       15.77
        699 |          1        0.05       15.82
        700 |          1        0.05       15.86
        701 |          2        0.09       15.96
        702 |          1        0.05       16.00
        706 |          1        0.05       16.05
        707 |          3        0.14       16.19
        709 |          1        0.05       16.23
        710 |          2        0.09       16.32
        714 |          1        0.05       16.37
        717 |          1        0.05       16.41
        720 |          1        0.05       16.46
        723 |          1        0.05       16.51
        724 |          1        0.05       16.55
        725 |          1        0.05       16.60
        731 |          1        0.05       16.64
        733 |          2        0.09       16.74
        734 |          1        0.05       16.78
        736 |          1        0.05       16.83
        740 |          2        0.09       16.92
        741 |          3        0.14       17.06
        747 |          1        0.05       17.10
        750 |          1        0.05       17.15
        752 |          1        0.05       17.19
        754 |          1        0.05       17.24
        761 |          1        0.05       17.29
        769 |          3        0.14       17.42
        771 |          1        0.05       17.47
        774 |          1        0.05       17.51
        775 |          1        0.05       17.56
        779 |          2        0.09       17.65
        780 |          1        0.05       17.70
        781 |          1        0.05       17.74
        784 |          1        0.05       17.79
        788 |          1        0.05       17.84
        789 |          1        0.05       17.88
        791 |          1        0.05       17.93
        792 |          1        0.05       17.97
        799 |          1        0.05       18.02
        800 |          2        0.09       18.11
        802 |          1        0.05       18.16
        803 |          1        0.05       18.20
        804 |          1        0.05       18.25
        806 |          1        0.05       18.29
        809 |          1        0.05       18.34
        811 |          1        0.05       18.39
        816 |          1        0.05       18.43
        819 |          1        0.05       18.48
        824 |          1        0.05       18.52
        827 |          1        0.05       18.57
        829 |          1        0.05       18.62
        838 |          1        0.05       18.66
        853 |          2        0.09       18.75
        856 |          1        0.05       18.80
        862 |          1        0.05       18.84
        863 |          1        0.05       18.89
        871 |          1        0.05       18.94
        873 |          1        0.05       18.98
        874 |          2        0.09       19.07
        875 |          1        0.05       19.12
        876 |          1        0.05       19.17
        888 |          1        0.05       19.21
        889 |          1        0.05       19.26
        890 |          1        0.05       19.30
        893 |          1        0.05       19.35
        894 |          1        0.05       19.39
        895 |          1        0.05       19.44
        896 |          1        0.05       19.49
        897 |          2        0.09       19.58
        898 |          1        0.05       19.62
        899 |          1        0.05       19.67
        906 |          1        0.05       19.72
        910 |          1        0.05       19.76
        914 |          2        0.09       19.85
        916 |          1        0.05       19.90
        917 |          1        0.05       19.94
        918 |          1        0.05       19.99
        920 |          1        0.05       20.04
        922 |          1        0.05       20.08
        924 |          1        0.05       20.13
        926 |          1        0.05       20.17
        927 |          1        0.05       20.22
        928 |          1        0.05       20.27
        931 |          1        0.05       20.31
        934 |          1        0.05       20.36
        937 |          1        0.05       20.40
        939 |          2        0.09       20.50
        941 |          2        0.09       20.59
        943 |          1        0.05       20.63
        944 |          1        0.05       20.68
        945 |          1        0.05       20.72
        946 |          1        0.05       20.77
        950 |          1        0.05       20.82
        951 |          1        0.05       20.86
        952 |          2        0.09       20.95
        956 |          1        0.05       21.00
        960 |          1        0.05       21.05
        962 |          1        0.05       21.09
        964 |          3        0.14       21.23
        965 |          3        0.14       21.37
        966 |          2        0.09       21.46
        969 |          1        0.05       21.50
        975 |          1        0.05       21.55
        976 |          1        0.05       21.60
        978 |          1        0.05       21.64
        982 |          1        0.05       21.69
        984 |          2        0.09       21.78
        986 |          1        0.05       21.82
        987 |          1        0.05       21.87
        988 |          1        0.05       21.92
        990 |          1        0.05       21.96
        994 |          1        0.05       22.01
        995 |          1        0.05       22.05
        997 |          1        0.05       22.10
       1003 |          2        0.09       22.19
       1009 |          1        0.05       22.24
       1010 |          3        0.14       22.38
       1012 |          2        0.09       22.47
       1013 |          3        0.14       22.60
       1016 |          1        0.05       22.65
       1018 |          2        0.09       22.74
       1022 |          1        0.05       22.79
       1026 |          1        0.05       22.83
       1028 |          1        0.05       22.88
       1029 |          1        0.05       22.93
       1031 |          1        0.05       22.97
       1033 |          1        0.05       23.02
       1038 |          1        0.05       23.06
       1045 |          1        0.05       23.11
       1046 |          1        0.05       23.15
       1050 |          1        0.05       23.20
       1052 |          1        0.05       23.25
       1056 |          1        0.05       23.29
       1060 |          2        0.09       23.38
       1067 |          1        0.05       23.43
       1069 |          1        0.05       23.48
       1070 |          2        0.09       23.57
       1072 |          1        0.05       23.61
       1073 |          1        0.05       23.66
       1076 |          1        0.05       23.70
       1080 |          1        0.05       23.75
       1084 |          2        0.09       23.84
       1090 |          1        0.05       23.89
       1092 |          1        0.05       23.93
       1093 |          1        0.05       23.98
       1096 |          1        0.05       24.03
       1100 |          1        0.05       24.07
       1103 |          1        0.05       24.12
       1104 |          1        0.05       24.16
       1109 |          1        0.05       24.21
       1114 |          1        0.05       24.25
       1117 |          1        0.05       24.30
       1123 |          1        0.05       24.35
       1126 |          2        0.09       24.44
       1129 |          2        0.09       24.53
       1136 |          1        0.05       24.58
       1140 |          1        0.05       24.62
       1145 |          1        0.05       24.67
       1147 |          1        0.05       24.71
       1150 |          1        0.05       24.76
       1155 |          1        0.05       24.81
       1161 |          1        0.05       24.85
       1163 |          1        0.05       24.90
       1165 |          1        0.05       24.94
       1168 |          3        0.14       25.08
       1171 |          1        0.05       25.13
       1176 |          1        0.05       25.17
       1182 |          1        0.05       25.22
       1190 |          1        0.05       25.26
       1194 |          1        0.05       25.31
       1195 |          1        0.05       25.36
       1196 |          1        0.05       25.40
       1201 |          1        0.05       25.45
       1207 |          1        0.05       25.49
       1215 |          1        0.05       25.54
       1217 |          1        0.05       25.58
       1224 |          1        0.05       25.63
       1226 |          1        0.05       25.68
       1227 |          1        0.05       25.72
       1234 |          2        0.09       25.81
       1235 |          1        0.05       25.86
       1236 |          2        0.09       25.95
       1237 |          1        0.05       26.00
       1242 |          1        0.05       26.04
       1245 |          1        0.05       26.09
       1260 |          1        0.05       26.13
       1266 |          2        0.09       26.23
       1267 |          1        0.05       26.27
       1273 |          1        0.05       26.32
       1276 |          1        0.05       26.36
       1280 |          2        0.09       26.46
       1284 |          2        0.09       26.55
       1290 |          1        0.05       26.59
       1295 |          1        0.05       26.64
       1296 |          1        0.05       26.69
       1298 |          1        0.05       26.73
       1301 |          1        0.05       26.78
       1305 |          1        0.05       26.82
       1307 |          2        0.09       26.91
       1308 |          1        0.05       26.96
       1311 |          1        0.05       27.01
       1312 |          1        0.05       27.05
       1318 |          1        0.05       27.10
       1319 |          1        0.05       27.14
       1325 |          1        0.05       27.19
       1326 |          2        0.09       27.28
       1329 |          1        0.05       27.33
       1330 |          1        0.05       27.37
       1338 |          1        0.05       27.42
       1339 |          2        0.09       27.51
       1345 |          2        0.09       27.60
       1347 |          1        0.05       27.65
       1348 |          1        0.05       27.69
       1350 |          1        0.05       27.74
       1355 |          1        0.05       27.79
       1356 |          1        0.05       27.83
       1358 |          1        0.05       27.88
       1359 |          1        0.05       27.92
       1363 |          1        0.05       27.97
       1364 |          1        0.05       28.01
       1365 |          1        0.05       28.06
       1366 |          1        0.05       28.11
       1371 |          1        0.05       28.15
       1373 |          1        0.05       28.20
       1376 |          1        0.05       28.24
       1377 |          1        0.05       28.29
       1379 |          1        0.05       28.34
       1380 |          1        0.05       28.38
       1383 |          1        0.05       28.43
       1384 |          1        0.05       28.47
       1386 |          1        0.05       28.52
       1387 |          1        0.05       28.56
       1389 |          1        0.05       28.61
       1390 |          2        0.09       28.70
       1394 |          1        0.05       28.75
       1403 |          1        0.05       28.79
       1406 |          1        0.05       28.84
       1408 |          1        0.05       28.89
       1409 |          1        0.05       28.93
       1410 |          2        0.09       29.02
       1413 |          1        0.05       29.07
       1414 |          1        0.05       29.12
       1421 |          1        0.05       29.16
       1423 |          1        0.05       29.21
       1425 |          2        0.09       29.30
       1426 |          1        0.05       29.34
       1432 |          1        0.05       29.39
       1433 |          1        0.05       29.44
       1434 |          1        0.05       29.48
       1435 |          2        0.09       29.57
       1439 |          1        0.05       29.62
       1445 |          2        0.09       29.71
       1446 |          1        0.05       29.76
       1451 |          1        0.05       29.80
       1452 |          1        0.05       29.85
       1453 |          1        0.05       29.89
       1455 |          1        0.05       29.94
       1456 |          1        0.05       29.99
       1458 |          1        0.05       30.03
       1459 |          1        0.05       30.08
       1460 |          2        0.09       30.17
       1461 |          1        0.05       30.22
       1465 |          1        0.05       30.26
       1472 |          1        0.05       30.31
       1473 |          1        0.05       30.35
       1476 |          1        0.05       30.40
       1479 |          1        0.05       30.44
       1480 |          1        0.05       30.49
       1481 |          1        0.05       30.54
       1483 |          1        0.05       30.58
       1485 |          1        0.05       30.63
       1488 |          1        0.05       30.67
       1492 |          1        0.05       30.72
       1495 |          1        0.05       30.77
       1498 |          1        0.05       30.81
       1501 |          1        0.05       30.86
       1502 |          1        0.05       30.90
       1505 |          1        0.05       30.95
       1509 |          1        0.05       30.99
       1512 |          1        0.05       31.04
       1513 |          1        0.05       31.09
       1517 |          1        0.05       31.13
       1519 |          1        0.05       31.18
       1523 |          2        0.09       31.27
       1525 |          1        0.05       31.32
       1527 |          1        0.05       31.36
       1528 |          1        0.05       31.41
       1531 |          1        0.05       31.45
       1534 |          1        0.05       31.50
       1536 |          2        0.09       31.59
       1539 |          1        0.05       31.64
       1546 |          1        0.05       31.68
       1551 |          1        0.05       31.73
       1560 |          1        0.05       31.77
       1562 |          1        0.05       31.82
       1566 |          1        0.05       31.87
       1567 |          1        0.05       31.91
       1568 |          2        0.09       32.00
       1569 |          1        0.05       32.05
       1570 |          1        0.05       32.10
       1578 |          1        0.05       32.14
       1582 |          2        0.09       32.23
       1583 |          1        0.05       32.28
       1584 |          1        0.05       32.32
       1585 |          1        0.05       32.37
       1590 |          1        0.05       32.42
       1591 |          1        0.05       32.46
       1592 |          1        0.05       32.51
       1593 |          1        0.05       32.55
       1599 |          1        0.05       32.60
       1605 |          1        0.05       32.65
       1608 |          2        0.09       32.74
       1620 |          1        0.05       32.78
       1622 |          1        0.05       32.83
       1628 |          1        0.05       32.87
       1632 |          1        0.05       32.92
       1635 |          1        0.05       32.97
       1636 |          1        0.05       33.01
       1637 |          1        0.05       33.06
       1647 |          1        0.05       33.10
       1650 |          1        0.05       33.15
       1651 |          1        0.05       33.20
       1664 |          1        0.05       33.24
       1670 |          1        0.05       33.29
       1676 |          1        0.05       33.33
       1679 |          1        0.05       33.38
       1687 |          1        0.05       33.43
       1690 |          1        0.05       33.47
       1692 |          1        0.05       33.52
       1694 |          1        0.05       33.56
       1695 |          1        0.05       33.61
       1710 |          1        0.05       33.65
       1713 |          1        0.05       33.70
       1714 |          1        0.05       33.75
       1719 |          1        0.05       33.79
       1722 |          1        0.05       33.84
       1723 |          1        0.05       33.88
       1724 |          1        0.05       33.93
       1728 |          1        0.05       33.98
       1731 |          1        0.05       34.02
       1732 |          1        0.05       34.07
       1734 |          2        0.09       34.16
       1736 |          1        0.05       34.20
       1740 |          1        0.05       34.25
       1741 |          1        0.05       34.30
       1751 |          1        0.05       34.34
       1752 |          2        0.09       34.43
       1754 |          2        0.09       34.53
       1759 |          1        0.05       34.57
       1760 |          2        0.09       34.66
       1764 |          3        0.14       34.80
       1766 |          1        0.05       34.85
       1773 |          1        0.05       34.89
       1774 |          1        0.05       34.94
       1775 |          1        0.05       34.98
       1776 |          1        0.05       35.03
       1778 |          1        0.05       35.08
       1782 |          1        0.05       35.12
       1786 |          1        0.05       35.17
       1791 |          1        0.05       35.21
       1792 |          1        0.05       35.26
       1793 |          1        0.05       35.30
       1794 |          2        0.09       35.40
       1800 |          1        0.05       35.44
       1801 |          1        0.05       35.49
       1802 |          2        0.09       35.58
       1804 |          1        0.05       35.63
       1806 |          1        0.05       35.67
       1807 |          1        0.05       35.72
       1812 |          2        0.09       35.81
       1813 |          1        0.05       35.86
       1820 |          1        0.05       35.90
       1826 |          1        0.05       35.95
       1829 |          1        0.05       35.99
       1830 |          1        0.05       36.04
       1832 |          1        0.05       36.08
       1842 |          1        0.05       36.13
       1844 |          2        0.09       36.22
       1852 |          1        0.05       36.27
       1858 |          2        0.09       36.36
       1860 |          1        0.05       36.41
       1865 |          1        0.05       36.45
       1866 |          1        0.05       36.50
       1869 |          1        0.05       36.54
       1870 |          2        0.09       36.63
       1872 |          1        0.05       36.68
       1875 |          1        0.05       36.73
       1877 |          3        0.14       36.86
       1879 |          1        0.05       36.91
       1881 |          1        0.05       36.96
       1882 |          1        0.05       37.00
       1883 |          1        0.05       37.05
       1884 |          1        0.05       37.09
       1888 |          1        0.05       37.14
       1889 |          1        0.05       37.18
       1893 |          1        0.05       37.23
       1898 |          1        0.05       37.28
       1900 |          2        0.09       37.37
       1903 |          1        0.05       37.41
       1914 |          2        0.09       37.51
       1921 |          1        0.05       37.55
       1924 |          1        0.05       37.60
       1928 |          1        0.05       37.64
       1936 |          1        0.05       37.69
       1940 |          1        0.05       37.73
       1941 |          1        0.05       37.78
       1947 |          1        0.05       37.83
       1949 |          3        0.14       37.96
       1953 |          1        0.05       38.01
       1955 |          1        0.05       38.06
       1958 |          1        0.05       38.10
       1960 |          2        0.09       38.19
       1964 |          1        0.05       38.24
       1967 |          2        0.09       38.33
       1969 |          1        0.05       38.38
       1970 |          1        0.05       38.42
       1974 |          2        0.09       38.51
       1975 |          1        0.05       38.56
       1981 |          1        0.05       38.61
       1982 |          2        0.09       38.70
       1983 |          1        0.05       38.74
       1984 |          2        0.09       38.84
       1986 |          2        0.09       38.93
       1995 |          1        0.05       38.97
       1996 |          1        0.05       39.02
       1998 |          1        0.05       39.06
       2006 |          1        0.05       39.11
       2008 |          1        0.05       39.16
       2011 |          1        0.05       39.20
       2012 |          3        0.14       39.34
       2016 |          1        0.05       39.39
       2019 |          1        0.05       39.43
       2026 |          1        0.05       39.48
       2028 |          1        0.05       39.52
       2033 |          1        0.05       39.57
       2034 |          3        0.14       39.71
       2043 |          1        0.05       39.75
       2048 |          1        0.05       39.80
       2049 |          1        0.05       39.84
       2062 |          1        0.05       39.89
       2065 |          1        0.05       39.94
       2074 |          1        0.05       39.98
       2084 |          3        0.14       40.12
       2087 |          1        0.05       40.17
       2090 |          1        0.05       40.21
       2092 |          1        0.05       40.26
       2096 |          1        0.05       40.30
       2097 |          1        0.05       40.35
       2102 |          1        0.05       40.39
       2103 |          1        0.05       40.44
       2106 |          1        0.05       40.49
       2109 |          3        0.14       40.62
       2113 |          1        0.05       40.67
       2116 |          1        0.05       40.72
       2117 |          1        0.05       40.76
       2125 |          1        0.05       40.81
       2128 |          1        0.05       40.85
       2133 |          2        0.09       40.94
       2136 |          1        0.05       40.99
       2137 |          2        0.09       41.08
       2138 |          1        0.05       41.13
       2140 |          1        0.05       41.17
       2152 |          1        0.05       41.22
       2163 |          1        0.05       41.27
       2165 |          1        0.05       41.31
       2167 |          1        0.05       41.36
       2172 |          1        0.05       41.40
       2183 |          1        0.05       41.45
       2187 |          1        0.05       41.49
       2191 |          1        0.05       41.54
       2192 |          1        0.05       41.59
       2198 |          1        0.05       41.63
       2199 |          1        0.05       41.68
       2200 |          1        0.05       41.72
       2201 |          1        0.05       41.77
       2203 |          1        0.05       41.82
       2206 |          1        0.05       41.86
       2207 |          1        0.05       41.91
       2209 |          1        0.05       41.95
       2219 |          1        0.05       42.00
       2228 |          2        0.09       42.09
       2229 |          1        0.05       42.14
       2230 |          2        0.09       42.23
       2232 |          1        0.05       42.27
       2233 |          1        0.05       42.32
       2238 |          1        0.05       42.37
       2242 |          1        0.05       42.41
       2244 |          1        0.05       42.46
       2245 |          1        0.05       42.50
       2248 |          1        0.05       42.55
       2249 |          1        0.05       42.60
       2250 |          2        0.09       42.69
       2253 |          1        0.05       42.73
       2254 |          1        0.05       42.78
       2255 |          1        0.05       42.82
       2258 |          1        0.05       42.87
       2259 |          1        0.05       42.92
       2260 |          1        0.05       42.96
       2261 |          1        0.05       43.01
       2263 |          1        0.05       43.05
       2265 |          1        0.05       43.10
       2266 |          1        0.05       43.15
       2267 |          1        0.05       43.19
       2270 |          1        0.05       43.24
       2272 |          1        0.05       43.28
       2274 |          1        0.05       43.33
       2276 |          1        0.05       43.37
       2277 |          1        0.05       43.42
       2278 |          1        0.05       43.47
       2279 |          1        0.05       43.51
       2290 |          1        0.05       43.56
       2295 |          1        0.05       43.60
       2297 |          1        0.05       43.65
       2300 |          2        0.09       43.74
       2304 |          1        0.05       43.79
       2305 |          4        0.18       43.97
       2312 |          1        0.05       44.02
       2313 |          1        0.05       44.06
       2315 |          1        0.05       44.11
       2316 |          1        0.05       44.15
       2317 |          1        0.05       44.20
       2319 |          1        0.05       44.25
       2322 |          1        0.05       44.29
       2323 |          1        0.05       44.34
       2325 |          1        0.05       44.38
       2331 |          1        0.05       44.43
       2335 |          1        0.05       44.48
       2337 |          1        0.05       44.52
       2341 |          1        0.05       44.57
       2343 |          2        0.09       44.66
       2344 |          1        0.05       44.70
       2346 |          1        0.05       44.75
       2347 |          1        0.05       44.80
       2356 |          1        0.05       44.84
       2359 |          1        0.05       44.89
       2360 |          1        0.05       44.93
       2364 |          1        0.05       44.98
       2369 |          1        0.05       45.03
       2374 |          1        0.05       45.07
       2376 |          1        0.05       45.12
       2377 |          1        0.05       45.16
       2380 |          1        0.05       45.21
       2386 |          1        0.05       45.25
       2397 |          1        0.05       45.30
       2398 |          1        0.05       45.35
       2400 |          1        0.05       45.39
       2407 |          1        0.05       45.44
       2408 |          1        0.05       45.48
       2410 |          1        0.05       45.53
       2413 |          1        0.05       45.58
       2416 |          2        0.09       45.67
       2417 |          1        0.05       45.71
       2419 |          1        0.05       45.76
       2420 |          2        0.09       45.85
       2429 |          2        0.09       45.94
       2433 |          1        0.05       45.99
       2436 |          3        0.14       46.13
       2449 |          1        0.05       46.17
       2450 |          1        0.05       46.22
       2451 |          1        0.05       46.26
       2455 |          2        0.09       46.35
       2457 |          1        0.05       46.40
       2458 |          1        0.05       46.45
       2468 |          1        0.05       46.49
       2470 |          1        0.05       46.54
       2471 |          1        0.05       46.58
       2474 |          1        0.05       46.63
       2476 |          1        0.05       46.68
       2477 |          1        0.05       46.72
       2478 |          1        0.05       46.77
       2480 |          2        0.09       46.86
       2482 |          1        0.05       46.91
       2483 |          2        0.09       47.00
       2484 |          1        0.05       47.04
       2486 |          1        0.05       47.09
       2488 |          1        0.05       47.13
       2492 |          1        0.05       47.18
       2497 |          1        0.05       47.23
       2500 |          1        0.05       47.27
       2505 |          1        0.05       47.32
       2507 |          1        0.05       47.36
       2509 |          2        0.09       47.46
       2511 |          1        0.05       47.50
       2516 |          3        0.14       47.64
       2523 |          1        0.05       47.68
       2524 |          1        0.05       47.73
       2526 |          2        0.09       47.82
       2528 |          1        0.05       47.87
       2531 |          1        0.05       47.91
       2533 |          1        0.05       47.96
       2535 |          2        0.09       48.05
       2536 |          1        0.05       48.10
       2545 |          1        0.05       48.14
       2550 |          1        0.05       48.19
       2551 |          1        0.05       48.23
       2560 |          2        0.09       48.33
       2563 |          2        0.09       48.42
       2564 |          1        0.05       48.46
       2565 |          1        0.05       48.51
       2572 |          2        0.09       48.60
       2573 |          1        0.05       48.65
       2575 |          1        0.05       48.69
       2578 |          1        0.05       48.74
       2581 |          1        0.05       48.78
       2583 |          1        0.05       48.83
       2584 |          1        0.05       48.88
       2586 |          1        0.05       48.92
       2588 |          1        0.05       48.97
       2589 |          1        0.05       49.01
       2590 |          2        0.09       49.11
       2596 |          2        0.09       49.20
       2600 |          2        0.09       49.29
       2603 |          1        0.05       49.34
       2604 |          2        0.09       49.43
       2611 |          1        0.05       49.47
       2612 |          2        0.09       49.56
       2616 |          1        0.05       49.61
       2620 |          1        0.05       49.66
       2621 |          1        0.05       49.70
       2622 |          1        0.05       49.75
       2624 |          1        0.05       49.79
       2625 |          1        0.05       49.84
       2626 |          1        0.05       49.89
       2628 |          1        0.05       49.93
       2630 |          1        0.05       49.98
       2632 |          1        0.05       50.02
       2634 |          1        0.05       50.07
       2635 |          1        0.05       50.11
       2640 |          1        0.05       50.16
       2642 |          1        0.05       50.21
       2645 |          1        0.05       50.25
       2652 |          1        0.05       50.30
       2657 |          1        0.05       50.34
       2671 |          1        0.05       50.39
       2672 |          1        0.05       50.44
       2674 |          1        0.05       50.48
       2680 |          1        0.05       50.53
       2683 |          1        0.05       50.57
       2691 |          2        0.09       50.66
       2693 |          2        0.09       50.76
       2698 |          1        0.05       50.80
       2699 |          1        0.05       50.85
       2700 |          1        0.05       50.89
       2702 |          1        0.05       50.94
       2707 |          2        0.09       51.03
       2720 |          1        0.05       51.08
       2724 |          2        0.09       51.17
       2725 |          1        0.05       51.22
       2727 |          1        0.05       51.26
       2729 |          1        0.05       51.31
       2730 |          1        0.05       51.35
       2731 |          1        0.05       51.40
       2733 |          2        0.09       51.49
       2742 |          1        0.05       51.54
       2746 |          1        0.05       51.58
       2749 |          1        0.05       51.63
       2755 |          1        0.05       51.67
       2758 |          1        0.05       51.72
       2759 |          1        0.05       51.77
       2760 |          1        0.05       51.81
       2762 |          1        0.05       51.86
       2766 |          1        0.05       51.90
       2775 |          1        0.05       51.95
       2777 |          2        0.09       52.04
       2790 |          1        0.05       52.09
       2791 |          1        0.05       52.13
       2793 |          1        0.05       52.18
       2797 |          1        0.05       52.22
       2798 |          1        0.05       52.27
       2805 |          1        0.05       52.32
       2807 |          2        0.09       52.41
       2809 |          1        0.05       52.45
       2811 |          1        0.05       52.50
       2813 |          1        0.05       52.54
       2818 |          1        0.05       52.59
       2826 |          1        0.05       52.64
       2830 |          1        0.05       52.68
       2831 |          1        0.05       52.73
       2832 |          2        0.09       52.82
       2833 |          1        0.05       52.87
       2836 |          2        0.09       52.96
       2838 |          1        0.05       53.00
       2840 |          1        0.05       53.05
       2841 |          1        0.05       53.09
       2848 |          1        0.05       53.14
       2855 |          1        0.05       53.19
       2856 |          1        0.05       53.23
       2857 |          1        0.05       53.28
       2861 |          1        0.05       53.32
       2863 |          1        0.05       53.37
       2871 |          1        0.05       53.42
       2882 |          1        0.05       53.46
       2887 |          1        0.05       53.51
       2890 |          1        0.05       53.55
       2891 |          3        0.14       53.69
       2893 |          1        0.05       53.74
       2895 |          1        0.05       53.78
       2897 |          1        0.05       53.83
       2903 |          2        0.09       53.92
       2906 |          1        0.05       53.97
       2907 |          1        0.05       54.01
       2910 |          1        0.05       54.06
       2915 |          1        0.05       54.10
       2917 |          1        0.05       54.15
       2921 |          1        0.05       54.20
       2925 |          1        0.05       54.24
       2926 |          1        0.05       54.29
       2930 |          2        0.09       54.38
       2931 |          1        0.05       54.42
       2933 |          2        0.09       54.52
       2935 |          2        0.09       54.61
       2936 |          1        0.05       54.65
       2944 |          1        0.05       54.70
       2947 |          1        0.05       54.75
       2957 |          1        0.05       54.79
       2963 |          1        0.05       54.84
       2966 |          1        0.05       54.88
       2971 |          1        0.05       54.93
       2972 |          2        0.09       55.02
       2974 |          1        0.05       55.07
       2975 |          1        0.05       55.11
       2982 |          1        0.05       55.16
       2983 |          1        0.05       55.20
       2984 |          2        0.09       55.30
       2985 |          1        0.05       55.34
       2990 |          1        0.05       55.39
       2992 |          1        0.05       55.43
       2996 |          2        0.09       55.52
       2997 |          1        0.05       55.57
       3001 |          1        0.05       55.62
       3003 |          1        0.05       55.66
       3005 |          1        0.05       55.71
       3006 |          1        0.05       55.75
       3008 |          1        0.05       55.80
       3009 |          1        0.05       55.85
       3012 |          1        0.05       55.89
       3013 |          1        0.05       55.94
       3017 |          1        0.05       55.98
       3020 |          1        0.05       56.03
       3029 |          2        0.09       56.12
       3034 |          1        0.05       56.17
       3037 |          2        0.09       56.26
       3039 |          1        0.05       56.30
       3058 |          1        0.05       56.35
       3061 |          1        0.05       56.40
       3065 |          1        0.05       56.44
       3066 |          1        0.05       56.49
       3068 |          1        0.05       56.53
       3074 |          1        0.05       56.58
       3075 |          1        0.05       56.63
       3076 |          1        0.05       56.67
       3083 |          1        0.05       56.72
       3084 |          1        0.05       56.76
       3094 |          1        0.05       56.81
       3097 |          1        0.05       56.85
       3099 |          1        0.05       56.90
       3100 |          2        0.09       56.99
       3102 |          1        0.05       57.04
       3105 |          1        0.05       57.08
       3111 |          1        0.05       57.13
       3112 |          1        0.05       57.18
       3115 |          1        0.05       57.22
       3117 |          1        0.05       57.27
       3119 |          1        0.05       57.31
       3120 |          1        0.05       57.36
       3122 |          2        0.09       57.45
       3123 |          2        0.09       57.54
       3124 |          1        0.05       57.59
       3125 |          1        0.05       57.63
       3127 |          1        0.05       57.68
       3129 |          1        0.05       57.73
       3130 |          1        0.05       57.77
       3138 |          1        0.05       57.82
       3139 |          1        0.05       57.86
       3145 |          1        0.05       57.91
       3146 |          1        0.05       57.96
       3147 |          2        0.09       58.05
       3149 |          2        0.09       58.14
       3153 |          1        0.05       58.18
       3163 |          1        0.05       58.23
       3164 |          1        0.05       58.28
       3168 |          2        0.09       58.37
       3175 |          1        0.05       58.41
       3178 |          1        0.05       58.46
       3180 |          1        0.05       58.51
       3186 |          1        0.05       58.55
       3188 |          2        0.09       58.64
       3192 |          1        0.05       58.69
       3195 |          1        0.05       58.73
       3201 |          1        0.05       58.78
       3202 |          1        0.05       58.83
       3209 |          1        0.05       58.87
       3211 |          1        0.05       58.92
       3214 |          1        0.05       58.96
       3219 |          1        0.05       59.01
       3221 |          1        0.05       59.06
       3222 |          1        0.05       59.10
       3223 |          1        0.05       59.15
       3225 |          1        0.05       59.19
       3226 |          2        0.09       59.28
       3230 |          1        0.05       59.33
       3231 |          1        0.05       59.38
       3248 |          1        0.05       59.42
       3249 |          1        0.05       59.47
       3252 |          1        0.05       59.51
       3264 |          1        0.05       59.56
       3266 |          2        0.09       59.65
       3267 |          1        0.05       59.70
       3269 |          1        0.05       59.74
       3273 |          1        0.05       59.79
       3282 |          1        0.05       59.83
       3288 |          1        0.05       59.88
       3296 |          1        0.05       59.93
       3305 |          1        0.05       59.97
       3309 |          1        0.05       60.02
       3310 |          1        0.05       60.06
       3313 |          1        0.05       60.11
       3316 |          1        0.05       60.16
       3318 |          1        0.05       60.20
       3319 |          2        0.09       60.29
       3323 |          2        0.09       60.39
       3325 |          1        0.05       60.43
       3331 |          2        0.09       60.52
       3335 |          1        0.05       60.57
       3339 |          1        0.05       60.61
       3342 |          1        0.05       60.66
       3350 |          2        0.09       60.75
       3352 |          1        0.05       60.80
       3358 |          1        0.05       60.84
       3360 |          1        0.05       60.89
       3372 |          1        0.05       60.94
       3373 |          1        0.05       60.98
       3374 |          1        0.05       61.03
       3376 |          1        0.05       61.07
       3381 |          1        0.05       61.12
       3386 |          1        0.05       61.16
       3387 |          1        0.05       61.21
       3396 |          1        0.05       61.26
       3401 |          1        0.05       61.30
       3404 |          1        0.05       61.35
       3415 |          1        0.05       61.39
       3417 |          1        0.05       61.44
       3419 |          1        0.05       61.49
       3424 |          1        0.05       61.53
       3425 |          1        0.05       61.58
       3433 |          1        0.05       61.62
       3434 |          1        0.05       61.67
       3438 |          1        0.05       61.71
       3440 |          1        0.05       61.76
       3445 |          1        0.05       61.81
       3461 |          1        0.05       61.85
       3466 |          2        0.09       61.94
       3468 |          1        0.05       61.99
       3469 |          1        0.05       62.04
       3471 |          1        0.05       62.08
       3472 |          1        0.05       62.13
       3483 |          1        0.05       62.17
       3487 |          1        0.05       62.22
       3491 |          1        0.05       62.27
       3494 |          1        0.05       62.31
       3497 |          2        0.09       62.40
       3501 |          2        0.09       62.49
       3511 |          1        0.05       62.54
       3523 |          2        0.09       62.63
       3526 |          2        0.09       62.72
       3535 |          2        0.09       62.82
       3537 |          1        0.05       62.86
       3544 |          1        0.05       62.91
       3553 |          1        0.05       62.95
       3554 |          1        0.05       63.00
       3557 |          1        0.05       63.04
       3558 |          1        0.05       63.09
       3559 |          1        0.05       63.14
       3560 |          1        0.05       63.18
       3571 |          2        0.09       63.27
       3572 |          1        0.05       63.32
       3576 |          1        0.05       63.37
       3579 |          1        0.05       63.41
       3582 |          1        0.05       63.46
       3583 |          1        0.05       63.50
       3584 |          1        0.05       63.55
       3585 |          1        0.05       63.59
       3594 |          1        0.05       63.64
       3595 |          1        0.05       63.69
       3602 |          1        0.05       63.73
       3605 |          1        0.05       63.78
       3607 |          1        0.05       63.82
       3612 |          1        0.05       63.87
       3615 |          1        0.05       63.92
       3626 |          1        0.05       63.96
       3627 |          2        0.09       64.05
       3633 |          1        0.05       64.10
       3638 |          1        0.05       64.14
       3645 |          1        0.05       64.19
       3653 |          1        0.05       64.24
       3656 |          1        0.05       64.28
       3657 |          1        0.05       64.33
       3660 |          2        0.09       64.42
       3661 |          1        0.05       64.47
       3662 |          1        0.05       64.51
       3664 |          1        0.05       64.56
       3667 |          1        0.05       64.60
       3669 |          1        0.05       64.65
       3685 |          1        0.05       64.70
       3686 |          1        0.05       64.74
       3689 |          2        0.09       64.83
       3690 |          1        0.05       64.88
       3701 |          1        0.05       64.92
       3710 |          1        0.05       64.97
       3711 |          1        0.05       65.02
       3713 |          1        0.05       65.06
       3715 |          1        0.05       65.11
       3721 |          1        0.05       65.15
       3722 |          1        0.05       65.20
       3728 |          2        0.09       65.29
       3735 |          1        0.05       65.34
       3737 |          1        0.05       65.38
       3739 |          1        0.05       65.43
       3743 |          1        0.05       65.47
       3748 |          1        0.05       65.52
       3750 |          1        0.05       65.57
       3756 |          2        0.09       65.66
       3758 |          1        0.05       65.70
       3759 |          1        0.05       65.75
       3760 |          1        0.05       65.80
       3763 |          1        0.05       65.84
       3765 |          1        0.05       65.89
       3771 |          1        0.05       65.93
       3772 |          1        0.05       65.98
       3775 |          2        0.09       66.07
       3781 |          1        0.05       66.12
       3785 |          3        0.14       66.25
       3786 |          1        0.05       66.30
       3790 |          1        0.05       66.35
       3792 |          1        0.05       66.39
       3793 |          1        0.05       66.44
       3798 |          1        0.05       66.48
       3802 |          2        0.09       66.57
       3804 |          1        0.05       66.62
       3808 |          1        0.05       66.67
       3810 |          2        0.09       66.76
       3812 |          1        0.05       66.80
       3816 |          1        0.05       66.85
       3817 |          1        0.05       66.90
       3818 |          2        0.09       66.99
       3822 |          1        0.05       67.03
       3831 |          1        0.05       67.08
       3835 |          1        0.05       67.13
       3840 |          1        0.05       67.17
       3844 |          1        0.05       67.22
       3846 |          1        0.05       67.26
       3857 |          1        0.05       67.31
       3860 |          2        0.09       67.40
       3862 |          1        0.05       67.45
       3863 |          1        0.05       67.49
       3866 |          1        0.05       67.54
       3882 |          1        0.05       67.58
       3893 |          1        0.05       67.63
       3899 |          1        0.05       67.68
       3900 |          1        0.05       67.72
       3903 |          1        0.05       67.77
       3906 |          1        0.05       67.81
       3909 |          2        0.09       67.90
       3910 |          1        0.05       67.95
       3918 |          1        0.05       68.00
       3929 |          1        0.05       68.04
       3931 |          1        0.05       68.09
       3939 |          2        0.09       68.18
       3942 |          1        0.05       68.23
       3948 |          2        0.09       68.32
       3952 |          1        0.05       68.36
       3967 |          1        0.05       68.41
       3972 |          1        0.05       68.45
       3974 |          1        0.05       68.50
       3976 |          2        0.09       68.59
       3978 |          1        0.05       68.64
       3979 |          1        0.05       68.68
       3981 |          1        0.05       68.73
       3993 |          1        0.05       68.78
       3996 |          1        0.05       68.82
       3997 |          1        0.05       68.87
       3998 |          1        0.05       68.91
       3999 |          1        0.05       68.96
       4010 |          1        0.05       69.01
       4011 |          2        0.09       69.10
       4012 |          1        0.05       69.14
       4025 |          1        0.05       69.19
       4036 |          1        0.05       69.23
       4038 |          1        0.05       69.28
       4044 |          1        0.05       69.33
       4045 |          1        0.05       69.37
       4046 |          1        0.05       69.42
       4048 |          1        0.05       69.46
       4051 |          1        0.05       69.51
       4052 |          2        0.09       69.60
       4054 |          1        0.05       69.65
       4055 |          1        0.05       69.69
       4058 |          1        0.05       69.74
       4060 |          2        0.09       69.83
       4061 |          1        0.05       69.88
       4063 |          1        0.05       69.92
       4064 |          1        0.05       69.97
       4069 |          1        0.05       70.01
       4071 |          1        0.05       70.06
       4073 |          1        0.05       70.11
       4074 |          1        0.05       70.15
       4082 |          1        0.05       70.20
       4085 |          1        0.05       70.24
       4092 |          1        0.05       70.29
       4094 |          1        0.05       70.33
       4097 |          1        0.05       70.38
       4099 |          1        0.05       70.43
       4100 |          1        0.05       70.47
       4101 |          1        0.05       70.52
       4105 |          1        0.05       70.56
       4109 |          1        0.05       70.61
       4111 |          1        0.05       70.66
       4115 |          1        0.05       70.70
       4117 |          1        0.05       70.75
       4118 |          1        0.05       70.79
       4119 |          1        0.05       70.84
       4121 |          2        0.09       70.93
       4124 |          1        0.05       70.98
       4126 |          1        0.05       71.02
       4134 |          1        0.05       71.07
       4135 |          1        0.05       71.11
       4142 |          1        0.05       71.16
       4149 |          1        0.05       71.21
       4154 |          1        0.05       71.25
       4156 |          1        0.05       71.30
       4162 |          1        0.05       71.34
       4174 |          1        0.05       71.39
       4176 |          1        0.05       71.44
       4177 |          1        0.05       71.48
       4179 |          2        0.09       71.57
       4181 |          1        0.05       71.62
       4189 |          1        0.05       71.66
       4191 |          1        0.05       71.71
       4194 |          1        0.05       71.76
       4206 |          1        0.05       71.80
       4207 |          1        0.05       71.85
       4218 |          1        0.05       71.89
       4220 |          1        0.05       71.94
       4235 |          1        0.05       71.99
       4238 |          1        0.05       72.03
       4244 |          1        0.05       72.08
       4246 |          1        0.05       72.12
       4247 |          1        0.05       72.17
       4248 |          1        0.05       72.21
       4251 |          1        0.05       72.26
       4253 |          1        0.05       72.31
       4258 |          1        0.05       72.35
       4264 |          1        0.05       72.40
       4269 |          1        0.05       72.44
       4271 |          1        0.05       72.49
       4275 |          1        0.05       72.54
       4286 |          1        0.05       72.58
       4289 |          1        0.05       72.63
       4295 |          1        0.05       72.67
       4302 |          1        0.05       72.72
       4303 |          1        0.05       72.76
       4306 |          1        0.05       72.81
       4314 |          1        0.05       72.86
       4315 |          1        0.05       72.90
       4317 |          1        0.05       72.95
       4318 |          1        0.05       72.99
       4323 |          1        0.05       73.04
       4325 |          1        0.05       73.09
       4332 |          1        0.05       73.13
       4345 |          1        0.05       73.18
       4347 |          1        0.05       73.22
       4349 |          1        0.05       73.27
       4363 |          1        0.05       73.31
       4364 |          1        0.05       73.36
       4365 |          1        0.05       73.41
       4366 |          1        0.05       73.45
       4373 |          1        0.05       73.50
       4381 |          1        0.05       73.54
       4386 |          1        0.05       73.59
       4389 |          1        0.05       73.64
       4392 |          1        0.05       73.68
       4396 |          1        0.05       73.73
       4397 |          1        0.05       73.77
       4403 |          1        0.05       73.82
       4409 |          1        0.05       73.87
       4418 |          1        0.05       73.91
       4430 |          1        0.05       73.96
       4436 |          2        0.09       74.05
       4438 |          1        0.05       74.09
       4446 |          2        0.09       74.19
       4447 |          1        0.05       74.23
       4449 |          1        0.05       74.28
       4451 |          1        0.05       74.32
       4456 |          1        0.05       74.37
       4462 |          1        0.05       74.42
       4463 |          1        0.05       74.46
       4472 |          1        0.05       74.51
       4478 |          1        0.05       74.55
       4479 |          1        0.05       74.60
       4482 |          1        0.05       74.64
       4491 |          1        0.05       74.69
       4495 |          1        0.05       74.74
       4501 |          1        0.05       74.78
       4512 |          1        0.05       74.83
       4516 |          1        0.05       74.87
       4525 |          1        0.05       74.92
       4527 |          1        0.05       74.97
       4532 |          1        0.05       75.01
       4535 |          2        0.09       75.10
       4536 |          1        0.05       75.15
       4549 |          1        0.05       75.19
       4557 |          1        0.05       75.24
       4564 |          1        0.05       75.29
       4566 |          1        0.05       75.33
       4570 |          1        0.05       75.38
       4581 |          1        0.05       75.42
       4588 |          1        0.05       75.47
       4607 |          2        0.09       75.56
       4611 |          1        0.05       75.61
       4613 |          1        0.05       75.65
       4616 |          1        0.05       75.70
       4628 |          1        0.05       75.75
       4633 |          1        0.05       75.79
       4634 |          1        0.05       75.84
       4635 |          1        0.05       75.88
       4637 |          1        0.05       75.93
       4641 |          1        0.05       75.97
       4642 |          1        0.05       76.02
       4647 |          1        0.05       76.07
       4657 |          1        0.05       76.11
       4661 |          1        0.05       76.16
       4666 |          1        0.05       76.20
       4669 |          1        0.05       76.25
       4670 |          1        0.05       76.30
       4673 |          1        0.05       76.34
       4677 |          1        0.05       76.39
       4679 |          1        0.05       76.43
       4681 |          1        0.05       76.48
       4697 |          1        0.05       76.52
       4705 |          1        0.05       76.57
       4707 |          1        0.05       76.62
       4709 |          1        0.05       76.66
       4717 |          1        0.05       76.71
       4719 |          2        0.09       76.80
       4721 |          1        0.05       76.85
       4727 |          1        0.05       76.89
       4729 |          1        0.05       76.94
       4733 |          1        0.05       76.98
       4743 |          1        0.05       77.03
       4746 |          1        0.05       77.07
       4750 |          1        0.05       77.12
       4755 |          1        0.05       77.17
       4760 |          1        0.05       77.21
       4763 |          1        0.05       77.26
       4766 |          1        0.05       77.30
       4768 |          2        0.09       77.40
       4770 |          1        0.05       77.44
       4778 |          1        0.05       77.49
       4783 |          1        0.05       77.53
       4786 |          1        0.05       77.58
       4796 |          1        0.05       77.62
       4814 |          1        0.05       77.67
       4831 |          1        0.05       77.72
       4842 |          1        0.05       77.76
       4843 |          1        0.05       77.81
       4844 |          3        0.14       77.95
       4860 |          1        0.05       77.99
       4863 |          1        0.05       78.04
       4871 |          1        0.05       78.08
       4876 |          1        0.05       78.13
       4902 |          1        0.05       78.18
       4905 |          1        0.05       78.22
       4939 |          1        0.05       78.27
       4942 |          1        0.05       78.31
       4945 |          1        0.05       78.36
       4947 |          1        0.05       78.40
       4954 |          1        0.05       78.45
       4960 |          1        0.05       78.50
       4983 |          1        0.05       78.54
       4985 |          1        0.05       78.59
       4992 |          2        0.09       78.68
       4997 |          1        0.05       78.73
       5016 |          1        0.05       78.77
       5020 |          1        0.05       78.82
       5021 |          1        0.05       78.86
       5022 |          1        0.05       78.91
       5027 |          1        0.05       78.95
       5030 |          1        0.05       79.00
       5045 |          1        0.05       79.05
       5049 |          1        0.05       79.09
       5050 |          2        0.09       79.18
       5051 |          1        0.05       79.23
       5052 |          2        0.09       79.32
       5055 |          1        0.05       79.37
       5056 |          1        0.05       79.41
       5065 |          1        0.05       79.46
       5066 |          1        0.05       79.50
       5068 |          3        0.14       79.64
       5069 |          1        0.05       79.69
       5070 |          1        0.05       79.73
       5077 |          1        0.05       79.78
       5091 |          1        0.05       79.83
       5102 |          1        0.05       79.87
       5109 |          1        0.05       79.92
       5111 |          1        0.05       79.96
       5124 |          1        0.05       80.01
       5133 |          1        0.05       80.06
       5141 |          1        0.05       80.10
       5149 |          1        0.05       80.15
       5154 |          1        0.05       80.19
       5157 |          1        0.05       80.24
       5169 |          1        0.05       80.28
       5172 |          1        0.05       80.33
       5174 |          1        0.05       80.38
       5175 |          1        0.05       80.42
       5180 |          2        0.09       80.51
       5185 |          1        0.05       80.56
       5191 |          1        0.05       80.61
       5202 |          1        0.05       80.65
       5215 |          1        0.05       80.70
       5222 |          1        0.05       80.74
       5225 |          1        0.05       80.79
       5247 |          1        0.05       80.83
       5254 |          1        0.05       80.88
       5264 |          1        0.05       80.93
       5269 |          1        0.05       80.97
       5282 |          1        0.05       81.02
       5289 |          1        0.05       81.06
       5298 |          1        0.05       81.11
       5301 |          1        0.05       81.16
       5313 |          1        0.05       81.20
       5329 |          1        0.05       81.25
       5339 |          1        0.05       81.29
       5341 |          2        0.09       81.38
       5343 |          1        0.05       81.43
       5356 |          1        0.05       81.48
       5357 |          1        0.05       81.52
       5362 |          1        0.05       81.57
       5378 |          2        0.09       81.66
       5380 |          1        0.05       81.71
       5385 |          1        0.05       81.75
       5389 |          1        0.05       81.80
       5403 |          1        0.05       81.84
       5415 |          1        0.05       81.89
       5423 |          1        0.05       81.93
       5437 |          1        0.05       81.98
       5440 |          1        0.05       82.03
       5444 |          1        0.05       82.07
       5453 |          1        0.05       82.12
       5455 |          1        0.05       82.16
       5462 |          1        0.05       82.21
       5465 |          1        0.05       82.26
       5468 |          1        0.05       82.30
       5473 |          2        0.09       82.39
       5480 |          1        0.05       82.44
       5497 |          1        0.05       82.49
       5507 |          2        0.09       82.58
       5509 |          1        0.05       82.62
       5527 |          1        0.05       82.67
       5528 |          1        0.05       82.71
       5547 |          1        0.05       82.76
       5553 |          1        0.05       82.81
       5566 |          1        0.05       82.85
       5572 |          1        0.05       82.90
       5581 |          1        0.05       82.94
       5587 |          1        0.05       82.99
       5595 |          1        0.05       83.04
       5603 |          1        0.05       83.08
       5611 |          1        0.05       83.13
       5616 |          1        0.05       83.17
       5624 |          1        0.05       83.22
       5630 |          1        0.05       83.26
       5634 |          1        0.05       83.31
       5635 |          1        0.05       83.36
       5639 |          1        0.05       83.40
       5650 |          1        0.05       83.45
       5659 |          1        0.05       83.49
       5660 |          1        0.05       83.54
       5663 |          1        0.05       83.59
       5672 |          1        0.05       83.63
       5678 |          1        0.05       83.68
       5683 |          1        0.05       83.72
       5691 |          1        0.05       83.77
       5699 |          1        0.05       83.81
       5704 |          1        0.05       83.86
       5705 |          1        0.05       83.91
       5710 |          1        0.05       83.95
       5716 |          1        0.05       84.00
       5738 |          2        0.09       84.09
       5754 |          1        0.05       84.14
       5761 |          1        0.05       84.18
       5762 |          1        0.05       84.23
       5763 |          1        0.05       84.27
       5765 |          1        0.05       84.32
       5767 |          1        0.05       84.36
       5782 |          1        0.05       84.41
       5784 |          1        0.05       84.46
       5790 |          1        0.05       84.50
       5795 |          1        0.05       84.55
       5796 |          1        0.05       84.59
       5797 |          1        0.05       84.64
       5798 |          1        0.05       84.69
       5799 |          1        0.05       84.73
       5809 |          1        0.05       84.78
       5831 |          1        0.05       84.82
       5834 |          1        0.05       84.87
       5836 |          1        0.05       84.92
       5837 |          2        0.09       85.01
       5839 |          1        0.05       85.05
       5845 |          1        0.05       85.10
       5849 |          1        0.05       85.14
       5851 |          1        0.05       85.19
       5853 |          1        0.05       85.24
       5868 |          1        0.05       85.28
       5881 |          1        0.05       85.33
       5888 |          1        0.05       85.37
       5896 |          1        0.05       85.42
       5897 |          1        0.05       85.47
       5901 |          2        0.09       85.56
       5903 |          1        0.05       85.60
       5905 |          1        0.05       85.65
       5917 |          1        0.05       85.69
       5933 |          1        0.05       85.74
       5935 |          1        0.05       85.79
       5936 |          1        0.05       85.83
       5940 |          1        0.05       85.88
       5943 |          1        0.05       85.92
       5946 |          1        0.05       85.97
       5949 |          1        0.05       86.02
       5950 |          1        0.05       86.06
       5953 |          1        0.05       86.11
       5955 |          1        0.05       86.15
       5957 |          1        0.05       86.20
       5970 |          1        0.05       86.24
       5972 |          1        0.05       86.29
       5980 |          1        0.05       86.34
       5983 |          1        0.05       86.38
       5990 |          1        0.05       86.43
       5992 |          1        0.05       86.47
       5996 |          1        0.05       86.52
       6002 |          1        0.05       86.57
       6014 |          1        0.05       86.61
       6023 |          1        0.05       86.66
       6040 |          1        0.05       86.70
       6045 |          1        0.05       86.75
       6047 |          1        0.05       86.80
       6054 |          1        0.05       86.84
       6066 |          1        0.05       86.89
       6070 |          1        0.05       86.93
       6073 |          1        0.05       86.98
       6075 |          1        0.05       87.02
       6081 |          1        0.05       87.07
       6090 |          1        0.05       87.12
       6092 |          1        0.05       87.16
       6093 |          1        0.05       87.21
       6095 |          1        0.05       87.25
       6097 |          1        0.05       87.30
       6098 |          1        0.05       87.35
       6102 |          1        0.05       87.39
       6104 |          1        0.05       87.44
       6107 |          1        0.05       87.48
       6108 |          1        0.05       87.53
       6109 |          1        0.05       87.57
       6112 |          1        0.05       87.62
       6117 |          1        0.05       87.67
       6118 |          1        0.05       87.71
       6127 |          1        0.05       87.76
       6131 |          1        0.05       87.80
       6133 |          2        0.09       87.90
       6151 |          1        0.05       87.94
       6154 |          2        0.09       88.03
       6155 |          1        0.05       88.08
       6168 |          1        0.05       88.12
       6177 |          1        0.05       88.17
       6178 |          1        0.05       88.22
       6203 |          2        0.09       88.31
       6204 |          4        0.18       88.49
       6210 |          1        0.05       88.54
       6212 |          1        0.05       88.58
       6214 |          2        0.09       88.67
       6224 |          1        0.05       88.72
       6227 |          1        0.05       88.77
       6249 |          1        0.05       88.81
       6254 |          1        0.05       88.86
       6258 |          1        0.05       88.90
       6260 |          1        0.05       88.95
       6263 |          1        0.05       89.00
       6272 |          1        0.05       89.04
       6276 |          1        0.05       89.09
       6295 |          1        0.05       89.13
       6296 |          2        0.09       89.23
       6305 |          1        0.05       89.27
       6308 |          1        0.05       89.32
       6315 |          1        0.05       89.36
       6319 |          1        0.05       89.41
       6320 |          2        0.09       89.50
       6334 |          1        0.05       89.55
       6337 |          1        0.05       89.59
       6339 |          1        0.05       89.64
       6340 |          1        0.05       89.68
       6344 |          2        0.09       89.78
       6346 |          1        0.05       89.82
       6354 |          1        0.05       89.87
       6378 |          1        0.05       89.91
       6383 |          1        0.05       89.96
       6384 |          1        0.05       90.00
       6387 |          1        0.05       90.05
       6398 |          1        0.05       90.10
       6406 |          1        0.05       90.14
       6409 |          1        0.05       90.19
       6428 |          1        0.05       90.23
       6437 |          1        0.05       90.28
       6457 |          1        0.05       90.33
       6486 |          1        0.05       90.37
       6490 |          1        0.05       90.42
       6495 |          1        0.05       90.46
       6497 |          1        0.05       90.51
       6512 |          1        0.05       90.55
       6513 |          1        0.05       90.60
       6521 |          1        0.05       90.65
       6529 |          1        0.05       90.69
       6533 |          1        0.05       90.74
       6534 |          1        0.05       90.78
       6548 |          1        0.05       90.83
       6553 |          1        0.05       90.88
       6555 |          1        0.05       90.92
       6557 |          1        0.05       90.97
       6571 |          1        0.05       91.01
       6574 |          1        0.05       91.06
       6579 |          1        0.05       91.10
       6581 |          1        0.05       91.15
       6589 |          1        0.05       91.20
       6607 |          1        0.05       91.24
       6610 |          1        0.05       91.29
       6614 |          1        0.05       91.33
       6618 |          1        0.05       91.38
       6624 |          1        0.05       91.43
       6627 |          1        0.05       91.47
       6643 |          2        0.09       91.56
       6669 |          1        0.05       91.61
       6683 |          1        0.05       91.66
       6695 |          1        0.05       91.70
       6732 |          1        0.05       91.75
       6735 |          1        0.05       91.79
       6747 |          1        0.05       91.84
       6748 |          1        0.05       91.88
       6751 |          1        0.05       91.93
       6756 |          1        0.05       91.98
       6761 |          1        0.05       92.02
       6763 |          1        0.05       92.07
       6764 |          1        0.05       92.11
       6776 |          1        0.05       92.16
       6779 |          1        0.05       92.21
       6818 |          1        0.05       92.25
       6823 |          1        0.05       92.30
       6826 |          3        0.14       92.43
       6832 |          1        0.05       92.48
       6840 |          1        0.05       92.53
       6843 |          1        0.05       92.57
       6860 |          1        0.05       92.62
       6895 |          1        0.05       92.66
       6903 |          1        0.05       92.71
       6926 |          1        0.05       92.76
       6946 |          1        0.05       92.80
       6947 |          1        0.05       92.85
       6961 |          1        0.05       92.89
       6966 |          1        0.05       92.94
       6968 |          1        0.05       92.98
       6975 |          1        0.05       93.03
       6982 |          1        0.05       93.08
       6995 |          1        0.05       93.12
       6997 |          2        0.09       93.21
       6998 |          1        0.05       93.26
       7002 |          1        0.05       93.31
       7004 |          2        0.09       93.40
       7006 |          1        0.05       93.44
       7008 |          2        0.09       93.54
       7026 |          1        0.05       93.58
       7034 |          1        0.05       93.63
       7037 |          1        0.05       93.67
       7041 |          1        0.05       93.72
       7044 |          1        0.05       93.76
       7061 |          1        0.05       93.81
       7075 |          1        0.05       93.86
       7084 |          1        0.05       93.90
       7087 |          1        0.05       93.95
       7101 |          1        0.05       93.99
       7104 |          1        0.05       94.04
       7111 |          2        0.09       94.13
       7114 |          1        0.05       94.18
       7115 |          3        0.14       94.31
       7122 |          1        0.05       94.36
       7128 |          1        0.05       94.41
       7129 |          1        0.05       94.45
       7131 |          1        0.05       94.50
       7134 |          1        0.05       94.54
       7135 |          2        0.09       94.64
       7155 |          1        0.05       94.68
       7171 |          1        0.05       94.73
       7211 |          1        0.05       94.77
       7232 |          1        0.05       94.82
       7235 |          1        0.05       94.86
       7249 |          1        0.05       94.91
       7259 |          1        0.05       94.96
       7279 |          1        0.05       95.00
       7290 |          1        0.05       95.05
       7293 |          1        0.05       95.09
       7343 |          1        0.05       95.14
       7346 |          1        0.05       95.19
       7366 |          1        0.05       95.23
       7400 |          1        0.05       95.28
       7402 |          1        0.05       95.32
       7407 |          1        0.05       95.37
       7417 |          1        0.05       95.41
       7428 |          1        0.05       95.46
       7466 |          1        0.05       95.51
       7471 |          1        0.05       95.55
       7478 |          3        0.14       95.69
       7483 |          1        0.05       95.74
       7487 |          1        0.05       95.78
       7495 |          1        0.05       95.83
       7510 |          1        0.05       95.87
       7519 |          1        0.05       95.92
       7537 |          1        0.05       95.97
       7567 |          1        0.05       96.01
       7569 |          1        0.05       96.06
       7596 |          1        0.05       96.10
       7606 |          1        0.05       96.15
       7608 |          1        0.05       96.19
       7609 |          1        0.05       96.24
       7612 |          1        0.05       96.29
       7625 |          2        0.09       96.38
       7649 |          1        0.05       96.42
       7650 |          1        0.05       96.47
       7663 |          1        0.05       96.52
       7674 |          1        0.05       96.56
       7689 |          1        0.05       96.61
       7693 |          1        0.05       96.65
       7702 |          1        0.05       96.70
       7706 |          1        0.05       96.74
       7719 |          1        0.05       96.79
       7725 |          1        0.05       96.84
       7727 |          2        0.09       96.93
       7729 |          1        0.05       96.97
       7739 |          1        0.05       97.02
       7745 |          1        0.05       97.07
       7747 |          1        0.05       97.11
       7756 |          1        0.05       97.16
       7766 |          1        0.05       97.20
       7768 |          1        0.05       97.25
       7775 |          2        0.09       97.34
       7780 |          1        0.05       97.39
       7784 |          1        0.05       97.43
       7795 |          1        0.05       97.48
       7807 |          1        0.05       97.52
       7809 |          1        0.05       97.57
       7816 |          1        0.05       97.62
       7822 |          1        0.05       97.66
       7833 |          1        0.05       97.71
       7842 |          1        0.05       97.75
       7845 |          1        0.05       97.80
       7860 |          1        0.05       97.85
       7861 |          1        0.05       97.89
       7862 |          1        0.05       97.94
       7863 |          1        0.05       97.98
       7871 |          1        0.05       98.03
       7881 |          1        0.05       98.07
       7889 |          1        0.05       98.12
       7894 |          1        0.05       98.17
       7909 |          1        0.05       98.21
       7915 |          1        0.05       98.26
       7920 |          1        0.05       98.30
       7923 |          1        0.05       98.35
       7925 |          1        0.05       98.40
       7926 |          1        0.05       98.44
       7934 |          1        0.05       98.49
       7970 |          1        0.05       98.53
       7989 |          1        0.05       98.58
       8008 |          1        0.05       98.62
       8015 |          1        0.05       98.67
       8024 |          1        0.05       98.72
       8043 |          1        0.05       98.76
       8052 |          1        0.05       98.81
       8054 |          1        0.05       98.85
       8062 |          1        0.05       98.90
       8066 |          1        0.05       98.95
       8070 |          1        0.05       98.99
       8074 |          1        0.05       99.04
       8078 |          1        0.05       99.08
       8088 |          1        0.05       99.13
       8130 |          1        0.05       99.17
       8148 |          1        0.05       99.22
       8152 |          1        0.05       99.27
       8156 |          1        0.05       99.31
       8159 |          2        0.09       99.40
       8164 |          1        0.05       99.45
       8189 |          1        0.05       99.50
       8221 |          1        0.05       99.54
       8223 |          1        0.05       99.59
       8260 |          1        0.05       99.63
       8281 |          1        0.05       99.68
       8287 |          1        0.05       99.72
       8331 |          1        0.05       99.77
       8341 |          2        0.09       99.86
       8342 |          1        0.05       99.91
       8343 |          1        0.05       99.95
       8345 |          1        0.05      100.00
------------+-----------------------------------
      Total |      2,181      100.00

. tab totalexp if totalexp >= 70000

      total |
expenditure |
       s on |
    medical |
 care, 2005 |      Freq.     Percent        Cum.
------------+-----------------------------------
      70695 |          1        4.76        4.76
      71573 |          1        4.76        9.52
      73184 |          1        4.76       14.29
      74189 |          1        4.76       19.05
      76490 |          1        4.76       23.81
      78293 |          1        4.76       28.57
      78374 |          1        4.76       33.33
      83290 |          1        4.76       38.10
      84280 |          1        4.76       42.86
      85964 |          1        4.76       47.62
      89909 |          1        4.76       52.38
      92241 |          1        4.76       57.14
      94504 |          1        4.76       61.90
      99682 |          1        4.76       66.67
     100170 |          1        4.76       71.43
     107355 |          1        4.76       76.19
     110671 |          1        4.76       80.95
     179211 |          1        4.76       85.71
     191630 |          1        4.76       90.48
     225795 |          1        4.76       95.24
     235392 |          1        4.76      100.00
------------+-----------------------------------
      Total |         21      100.00

. ** n = 21
. // Removing major outliers
. sum totalexp if totalexp < 70000

    Variable |        Obs        Mean    Std. Dev.       Min        M
> ax
-------------+-------------------------------------------------------
> --
    totalexp |      2,949    7636.861    10443.24          1      694
> 76

. tab totalexp if totalexp >= 70000 & bmi >= 25

      total |
expenditure |
       s on |
    medical |
 care, 2005 |      Freq.     Percent        Cum.
------------+-----------------------------------
      70695 |          1        6.67        6.67
      71573 |          1        6.67       13.33
      74189 |          1        6.67       20.00
      76490 |          1        6.67       26.67
      78374 |          1        6.67       33.33
      83290 |          1        6.67       40.00
      84280 |          1        6.67       46.67
      85964 |          1        6.67       53.33
      89909 |          1        6.67       60.00
      92241 |          1        6.67       66.67
      99682 |          1        6.67       73.33
     100170 |          1        6.67       80.00
     107355 |          1        6.67       86.67
     110671 |          1        6.67       93.33
     235392 |          1        6.67      100.00
------------+-----------------------------------
      Total |         15      100.00

. 
. // DESCRIPTIVE STATISTICS \\
. histogram totalexp
(bin=34, start=1, width=6923.2647)

. histogram lntotalexp
variable lntotalexp not found
r(111);

end of do-file

r(111);

. do "C:\Users\kwame\AppData\Local\Temp\STD1a0d4_000000.tmp"

. ****Kwame Lambert*****
. *****Empirical Project*****
. ***** ECO 480 ********
. clear all

. set more off

. capture log close 
